INFO:root:Initializing Program
INFO:root:Initializing runCamera Process
INFO:root:GUI created
INFO:root:Initializing Program
INFO:root:Initializing runCamera Process
INFO:root:GUI created
INFO:root:Initializing Program
INFO:root:Initializing runCamera Process
INFO:root:GUI created
INFO:root:Camera released
INFO:root:Initializing Program
INFO:root:Initializing runCamera Process
INFO:root:GUI created
INFO:root:Camera released
INFO:root:Initializing Program
INFO:root:Initializing Program
INFO:root:Initializing Program
INFO:root:Initializing Program
INFO:root:Initializing Program
INFO:root:Initializing Program
INFO:root:Init main
