INFO:root:Init main
INFO:root:Init runCamera process
INFO:root:GUI created
ERROR:root:Error en getFrameCont: 'ImageDraw' object has no attribute 'textsize'
ERROR:root:Error en getFrameCont: 'ImageDraw' object has no attribute 'textsize'
INFO:root:Init main
INFO:root:Init runCamera process
INFO:root:GUI created
ERROR:root:Error en getFrameCont: 'FreeTypeFont' object has no attribute 'getsize'
ERROR:root:Error en getFrameCont: 'FreeTypeFont' object has no attribute 'getsize'
INFO:root:Init main
INFO:root:Init runCamera process
INFO:root:GUI created
ERROR:root:Error en getFrameCont: 'ImageDraw' object has no attribute 'textsize'
ERROR:root:Error in identificarMonedasfloat division by zero
ERROR:root:Error en getFrameCont: 'ImageDraw' object has no attribute 'textsize'
INFO:root:Init main
INFO:root:Init runCamera process
INFO:root:GUI created
INFO:root:Init main
INFO:root:Init runCamera process
INFO:root:GUI created
ERROR:root:Error in identificarMonedasfloat division by zero
INFO:root:Init main
INFO:root:Init runCamera process
INFO:root:GUI created
ERROR:root:Error in identificarMonedasfloat division by zero
INFO:root:Init main
INFO:root:Init runCamera process
INFO:root:GUI created
ERROR:root:Error in identificarMonedasfloat division by zero
INFO:root:Init main
INFO:root:Init runCamera process
INFO:root:GUI created
ERROR:root:Error in identificarMonedasfloat division by zero
INFO:root:Init main
INFO:root:Init runCamera process
INFO:root:GUI created
ERROR:root:Error in identificarMonedasfloat division by zero
INFO:root:Init main
INFO:root:Init runCamera process
INFO:root:GUI created
INFO:root:Init main
INFO:root:Init runCamera process
INFO:root:GUI created
ERROR:root:Error in identificarMonedasfloat division by zero
INFO:root:Init main
INFO:root:Init runCamera process
INFO:root:GUI created
INFO:root:Init main
INFO:root:Init runCamera process
INFO:root:GUI created
INFO:root:Init main
INFO:root:Init runCamera process
INFO:root:GUI created
ERROR:root:Error in identificarMonedasfloat division by zero
INFO:root:Init main
INFO:root:Init runCamera process
INFO:root:GUI created
ERROR:root:Error in identificarMonedasfloat division by zero
ERROR:root:Error in identificarMonedasfloat division by zero
INFO:root:Init main
INFO:root:Init runCamera process
INFO:root:GUI created
INFO:root:Init main
INFO:root:Init runCamera process
INFO:root:GUI created
INFO:root:Init main
INFO:root:Init runCamera process
INFO:root:GUI created
