INFO:root:Init main
INFO:root:Init runCamera process
INFO:root:GUI created
INFO:root:Init main
INFO:root:Init runCamera process
INFO:root:GUI created
INFO:root:Init main
INFO:root:Init runCamera process
INFO:root:GUI created
INFO:root:Init main
INFO:root:Init runCamera process
INFO:root:GUI created
INFO:root:Init main
INFO:root:Init runCamera process
INFO:root:GUI created
INFO:root:Init main
INFO:root:Init runCamera process
INFO:root:GUI created
INFO:root:Init main
INFO:root:Init runCamera process
INFO:root:GUI created
INFO:root:Init main
INFO:root:Init runCamera process
INFO:root:GUI created
INFO:root:Init main
INFO:root:Init runCamera process
INFO:root:GUI created
INFO:root:Init main
INFO:root:Init runCamera process
INFO:root:GUI created
INFO:root:Init main
INFO:root:Init runCamera process
INFO:root:GUI created
INFO:root:Init main
INFO:root:Init runCamera process
INFO:root:GUI created
INFO:root:Init main
INFO:root:Init runCamera process
INFO:root:GUI created
INFO:root:Init main
INFO:root:Init runCamera process
INFO:root:GUI created
INFO:root:Init main
INFO:root:Init runCamera process
INFO:root:GUI created
INFO:root:Init main
INFO:root:Init runCamera process
ERROR:root:GUI no created'Application' object has no attribute 'moneda_50'
INFO:root:Init main
INFO:root:Init runCamera process
ERROR:root:GUI no created'Application' object has no attribute 'moneda_50'
INFO:root:Init main
INFO:root:Init runCamera process
ERROR:root:GUI no created'Application' object has no attribute 'moneda_50'
INFO:root:Init main
INFO:root:Init runCamera process
INFO:root:GUI created
INFO:root:Init main
INFO:root:Init runCamera process
ERROR:root:GUI no created'Application' object has no attribute 'lblMoneda50'
INFO:root:Init main
INFO:root:Init runCamera process
INFO:root:GUI created
INFO:root:Init main
INFO:root:Init runCamera process
INFO:root:GUI created
INFO:root:Init main
INFO:root:Init runCamera process
INFO:root:GUI created
